<?xml version="1.0" encoding="UTF-8"?>
<!-- Generated by org.testng.reporters.JUnitXMLReporter -->
<testsuite hostname="CB-94" name="AccountAndPersonalDetails" tests="4" failures="1" timestamp="19 Dec 2017 08:34:55 GMT" time="321.054" errors="0">
  <testcase name="verifyLoanApplicantsEligibility" time="29.919" classname="checkLoanEligibility.CheckLoanEligibility"/>
  <testcase name="verifyApplicatsInEligibilityForLoan" time="23.729" classname="checkLoanEligibility.CheckInEligibilityForLoan"/>
  <testcase name="submitSavingAccountForm" time="96.44" classname="submitSavingAccountForm.SubmittionFormSuccessfully"/>
  <testcase name="submitWrongSavingAccountForm" time="18.197" classname="submitSavingAccountForm.SubmittionFormUnsuccessfully">
    <failure type="java.lang.AssertionError" message="java.lang.AssertionError: expected [true] but found [false]">
      <![CDATA[java.lang.AssertionError: java.lang.AssertionError: expected [true] but found [false]
	at util.ApplicationUtil.submitWrongAccountDetails(ApplicationUtil.java:282)
	at submitSavingAccountForm.SubmittionFormUnsuccessfully.submitWrongSavingAccountForm(SubmittionFormUnsuccessfully.java:52)
... Removed 25 stack frames]]>
    </failure>
  </testcase> <!-- submitWrongSavingAccountForm -->
</testsuite> <!-- AccountAndPersonalDetails -->
