<?xml version="1.0" encoding="UTF-8"?>
<!-- Generated by org.testng.reporters.JUnitReportReporter -->
<testsuite hostname="LAPTOP_029" name="testClasses.SanityTesting" tests="1" failures="1" timestamp="14 Nov 2017 10:05:07 GMT" time="30.347" errors="0">
  <testcase name="guestOrderWithCreditCard" time="30.347" classname="testClasses.SanityTesting">
    <failure type="java.lang.AssertionError" message="org.openqa.selenium.ElementNotVisibleException: element not visible
  (Session info: chrome=62.0.3202.84)
  (Driver info: chromedriver=2.30.477700 (0057494ad8732195794a7b32078424f92a5fce41),platform=Windows NT 10.0.15063 x86_64) (WARNING: The server did not provide any stacktrace information)
Command duration or timeout: 313 milliseconds
Build info: version: &#039;3.0.0&#039;, revision: &#039;350cf60&#039;, time: &#039;2016-10-13 10:48:57 -0700&#039;
System info: host: &#039;LAPTOP_029&#039;, ip: &#039;192.168.193.2&#039;, os.name: &#039;Windows 10&#039;, os.arch: &#039;amd64&#039;, os.version: &#039;10.0&#039;, java.version: &#039;1.8.0_144&#039;
Driver info: io.appium.java_client.android.AndroidDriver
Capabilities [{deviceScreenSize=1080x1920, networkConnectionEnabled=true, warnings={}, databaseEnabled=false, deviceName=192.168.193.101:5555, platform=LINUX, deviceUDID=192.168.193.101:5555, desired={platformVersion=7.0, browserName=chrome, platformName=Android, udid=192.168.193.101:5555, deviceName=Android Phone}, platformVersion=7.0, webStorageEnabled=false, locationContextEnabled=false, takesScreenshot=true, browserName=chrome, javascriptEnabled=true, deviceModel=Google Nexus 5X - 7.0.0 - API 24 - 1080x1920, platformName=Android, udid=192.168.193.101:5555, deviceManufacturer=Genymotion}]
Session ID: 78f1bccf-468b-4516-bf5b-71d4024846ca">
      <![CDATA[java.lang.AssertionError: org.openqa.selenium.ElementNotVisibleException: element not visible
  (Session info: chrome=62.0.3202.84)
  (Driver info: chromedriver=2.30.477700 (0057494ad8732195794a7b32078424f92a5fce41),platform=Windows NT 10.0.15063 x86_64) (WARNING: The server did not provide any stacktrace information)
Command duration or timeout: 313 milliseconds
Build info: version: '3.0.0', revision: '350cf60', time: '2016-10-13 10:48:57 -0700'
System info: host: 'LAPTOP_029', ip: '192.168.193.2', os.name: 'Windows 10', os.arch: 'amd64', os.version: '10.0', java.version: '1.8.0_144'
Driver info: io.appium.java_client.android.AndroidDriver
Capabilities [{deviceScreenSize=1080x1920, networkConnectionEnabled=true, warnings={}, databaseEnabled=false, deviceName=192.168.193.101:5555, platform=LINUX, deviceUDID=192.168.193.101:5555, desired={platformVersion=7.0, browserName=chrome, platformName=Android, udid=192.168.193.101:5555, deviceName=Android Phone}, platformVersion=7.0, webStorageEnabled=false, locationContextEnabled=false, takesScreenshot=true, browserName=chrome, javascriptEnabled=true, deviceModel=Google Nexus 5X - 7.0.0 - API 24 - 1080x1920, platformName=Android, udid=192.168.193.101:5555, deviceManufacturer=Genymotion}]
Session ID: 78f1bccf-468b-4516-bf5b-71d4024846ca
	at org.testng.Assert.fail(Assert.java:94)
	at util.ApplicationUtil.selectProduct(ApplicationUtil.java:418)
	at testClasses.SanityTesting.guestOrderWithCreditCard(SanityTesting.java:37)
	at sun.reflect.NativeMethodAccessorImpl.invoke0(Native Method)
	at sun.reflect.NativeMethodAccessorImpl.invoke(Unknown Source)
	at sun.reflect.DelegatingMethodAccessorImpl.invoke(Unknown Source)
	at java.lang.reflect.Method.invoke(Unknown Source)
	at org.testng.internal.MethodInvocationHelper.invokeMethod(MethodInvocationHelper.java:86)
	at org.testng.internal.Invoker.invokeMethod(Invoker.java:643)
	at org.testng.internal.Invoker.invokeTestMethod(Invoker.java:820)
	at org.testng.internal.Invoker.invokeTestMethods(Invoker.java:1128)
	at org.testng.internal.TestMethodWorker.invokeTestMethods(TestMethodWorker.java:129)
	at org.testng.internal.TestMethodWorker.run(TestMethodWorker.java:112)
	at org.testng.TestRunner.privateRun(TestRunner.java:782)
	at org.testng.TestRunner.run(TestRunner.java:632)
	at org.testng.SuiteRunner.runTest(SuiteRunner.java:366)
	at org.testng.SuiteRunner.runSequentially(SuiteRunner.java:361)
	at org.testng.SuiteRunner.privateRun(SuiteRunner.java:319)
	at org.testng.SuiteRunner.run(SuiteRunner.java:268)
	at org.testng.SuiteRunnerWorker.runSuite(SuiteRunnerWorker.java:52)
	at org.testng.SuiteRunnerWorker.run(SuiteRunnerWorker.java:86)
	at org.testng.TestNG.runSuitesSequentially(TestNG.java:1244)
	at org.testng.TestNG.runSuitesLocally(TestNG.java:1169)
	at org.testng.TestNG.run(TestNG.java:1064)
	at org.testng.remote.AbstractRemoteTestNG.run(AbstractRemoteTestNG.java:114)
	at org.testng.remote.RemoteTestNG.initAndRun(RemoteTestNG.java:251)
	at org.testng.remote.RemoteTestNG.main(RemoteTestNG.java:77)
]]>
    </failure>
  </testcase> <!-- guestOrderWithCreditCard -->
</testsuite> <!-- testClasses.SanityTesting -->
